Build started 19.3.2015 г. 20:37:38.
     1>Project "E:\Development\VisualStudio\WeeklySchedule\WeeklySchedule\WeeklySchedule.vcxproj" on node 2 (Build target(s)).
     1>ClCompile:
         C:\Program Files (x86)\Microsoft Visual Studio 12.0\VC\bin\CL.exe /c /AI"C:\Program Files (x86)\Reference Assemblies\Microsoft\Framework\.NETFramework\v4.0" /AI"C:\Program Files (x86)\Windows Kits\8.1\References\CommonConfiguration\Neutral" /Zi /clr /nologo /W3 /WX- /sdl /Od /Oy- /D _MBCS /EHa /MDd /GS /fp:precise /Zc:wchar_t /Zc:forScope /Fo"Debug\\" /Fd"Debug\vc120.pdb" /TP /FU"C:\Program Files (x86)\Reference Assemblies\Microsoft\Framework\.NETFramework\v4.0\mscorlib.dll" /FU"C:\Program Files (x86)\Reference Assemblies\Microsoft\Framework\.NETFramework\v4.0\System.Data.dll" /FU"C:\Program Files (x86)\Reference Assemblies\Microsoft\Framework\.NETFramework\v4.0\System.dll" /FU"C:\Program Files (x86)\Reference Assemblies\Microsoft\Framework\.NETFramework\v4.0\System.Drawing.dll" /FU"C:\Program Files (x86)\Reference Assemblies\Microsoft\Framework\.NETFramework\v4.0\System.Windows.Forms.dll" /FU"C:\Program Files (x86)\Reference Assemblies\Microsoft\Framework\.NETFramework\v4.0\System.Xml.dll" /analyze- /errorReport:prompt /clr:nostdlib Main.cpp MyUserControl.cpp
         Main.cpp
         MyUserControl.cpp
         Generating Code...
         C:\Program Files (x86)\Microsoft Visual Studio 12.0\VC\bin\CL.exe /c /AI"C:\Program Files (x86)\Reference Assemblies\Microsoft\Framework\.NETFramework\v4.0" /AI"C:\Program Files (x86)\Windows Kits\8.1\References\CommonConfiguration\Neutral" /Zi /clr /nologo /W3 /WX- /sdl /Od /Oy- /D _MBCS /Gm- /EHa /MDd /GS /fp:precise /Zc:wchar_t /Zc:forScope /Fo"Debug\\" /Fd"Debug\vc120.pdb" /TP /FU"C:\Program Files (x86)\Reference Assemblies\Microsoft\Framework\.NETFramework\v4.0\mscorlib.dll" /FU"C:\Program Files (x86)\Reference Assemblies\Microsoft\Framework\.NETFramework\v4.0\System.Data.dll" /FU"C:\Program Files (x86)\Reference Assemblies\Microsoft\Framework\.NETFramework\v4.0\System.dll" /FU"C:\Program Files (x86)\Reference Assemblies\Microsoft\Framework\.NETFramework\v4.0\System.Drawing.dll" /FU"C:\Program Files (x86)\Reference Assemblies\Microsoft\Framework\.NETFramework\v4.0\System.Windows.Forms.dll" /FU"C:\Program Files (x86)\Reference Assemblies\Microsoft\Framework\.NETFramework\v4.0\System.Xml.dll" /analyze- /errorReport:prompt /clr:nostdlib WeeklySchedule.cpp
         WeeklySchedule.cpp
       Link:
         C:\Program Files (x86)\Microsoft Visual Studio 12.0\VC\bin\link.exe /ERRORREPORT:PROMPT /OUT:"E:\Development\VisualStudio\WeeklySchedule\Debug\WeeklySchedule.exe" /INCREMENTAL /NOLOGO kernel32.lib user32.lib gdi32.lib winspool.lib comdlg32.lib advapi32.lib shell32.lib ole32.lib oleaut32.lib uuid.lib odbc32.lib odbccp32.lib /ASSEMBLYRESOURCE:Debug\WeeklySchedule.MyUserControl.resources /ASSEMBLYRESOURCE:Debug\WeeklySchedule.PopUpForm.resources /ASSEMBLYRESOURCE:Debug\WeeklySchedule.WeeklySchedule.resources /MANIFEST /MANIFESTUAC:"level='asInvoker' uiAccess='false'" /manifest:embed /DEBUG /PDB:"E:\Development\VisualStudio\WeeklySchedule\Debug\WeeklySchedule.pdb" /ASSEMBLYDEBUG /SUBSYSTEM:WINDOWS /TLBID:1 /ENTRY:"main" /DYNAMICBASE /FIXED:NO /NXCOMPAT /MACHINE:X86 Debug\Grupa.obj
         Debug\Klass.obj
         Debug\Main.obj
         Debug\MyUserControl.obj
         Debug\PopUpForm.obj
         Debug\Programa.obj
         Debug\WeeklySchedule.obj
         Debug\Predmet.obj
         Debug\Uchitel.obj
         "Debug\.NETFramework,Version=v4.0.AssemblyAttributes.obj"
         WeeklySchedule.vcxproj -> E:\Development\VisualStudio\WeeklySchedule\Debug\WeeklySchedule.exe
     1>Done Building Project "E:\Development\VisualStudio\WeeklySchedule\WeeklySchedule\WeeklySchedule.vcxproj" (Build target(s)).

Build succeeded.

Time Elapsed 00:00:04.22
